# JRE version: Java(TM) SE Runtime Environment (8.0_191-b12) (build 1.8.0_191-b12)
# Java VM: Java HotSpot(TM) 64-Bit Server VM (25.191-b12 mixed mode windows-amd64 compressed oops)
Heap:
 PSYoungGen      total 381440K, used 201117K [0x000000076b400000, 0x0000000789200000, 0x00000007c0000000)
  eden space 361984K, 55% used [0x000000076b400000,0x0000000777867570,0x0000000781580000)
  from space 19456K, 0% used [0x0000000781580000,0x0000000781580000,0x0000000782880000)
  to   space 19968K, 18% used [0x0000000787e80000,0x0000000788219058,0x0000000789200000)
 ParOldGen       total 224768K, used 31477K [0x00000006c1c00000, 0x00000006cf780000, 0x000000076b400000)
  object space 224768K, 14% used [0x00000006c1c00000,0x00000006c3abd6b8,0x00000006cf780000)
 Metaspace       used 60306K, capacity 62964K, committed 63192K, reserved 1103872K
  class space    used 7884K, capacity 8364K, committed 8448K, reserved 1048576K
GC Heap History (10 events):
Event: 8.258 GC heap after
Heap after GC invocations=11 (full 2):
 PSYoungGen      total 307712K, used 13290K [0x000000076b400000, 0x0000000783b80000, 0x00000007c0000000)
  eden space 294400K, 0% used [0x000000076b400000,0x000000076b400000,0x000000077d380000)
  from space 13312K, 99% used [0x000000077d380000,0x000000077e07a8f8,0x000000077e080000)
  to   space 17408K, 0% used [0x0000000782a80000,0x0000000782a80000,0x0000000783b80000)
 ParOldGen       total 160768K, used 25482K [0x00000006c1c00000, 0x00000006cb900000, 0x000000076b400000)
  object space 160768K, 15% used [0x00000006c1c00000,0x00000006c34e28f8,0x00000006cb900000)
 Metaspace       used 53668K, capacity 55898K, committed 56152K, reserved 1097728K
  class space    used 7074K, capacity 7477K, committed 7552K, reserved 1048576K
}
Event: 16.523 GC heap before
{Heap before GC invocations=12 (full 2):
 PSYoungGen      total 307712K, used 169386K [0x000000076b400000, 0x0000000783b80000, 0x00000007c0000000)
  eden space 294400K, 53% used [0x000000076b400000,0x0000000774c70050,0x000000077d380000)
  from space 13312K, 99% used [0x000000077d380000,0x000000077e07a8f8,0x000000077e080000)
  to   space 17408K, 0% used [0x0000000782a80000,0x0000000782a80000,0x0000000783b80000)
 ParOldGen       total 160768K, used 25482K [0x00000006c1c00000, 0x00000006cb900000, 0x000000076b400000)
  object space 160768K, 15% used [0x00000006c1c00000,0x00000006c34e28f8,0x00000006cb900000)
 Metaspace       used 56568K, capacity 58984K, committed 59028K, reserved 1099776K
  class space    used 7461K, capacity 7896K, committed 7936K, reserved 1048576K
Event: 16.537 GC heap after
Heap after GC invocations=12 (full 2):
 PSYoungGen      total 378368K, used 17062K [0x000000076b400000, 0x0000000783b80000, 0x00000007c0000000)
  eden space 360960K, 0% used [0x000000076b400000,0x000000076b400000,0x0000000781480000)
  from space 17408K, 98% used [0x0000000782a80000,0x0000000783b29850,0x0000000783b80000)
  to   space 19456K, 0% used [0x0000000781580000,0x0000000781580000,0x0000000782880000)
 ParOldGen       total 160768K, used 25490K [0x00000006c1c00000, 0x00000006cb900000, 0x000000076b400000)
  object space 160768K, 15% used [0x00000006c1c00000,0x00000006c34e48f8,0x00000006cb900000)
 Metaspace       used 56568K, capacity 58984K, committed 59028K, reserved 1099776K
  class space    used 7461K, capacity 7896K, committed 7936K, reserved 1048576K
}
Event: 16.537 GC heap before
{Heap before GC invocations=13 (full 3):
 PSYoungGen      total 378368K, used 17062K [0x000000076b400000, 0x0000000783b80000, 0x00000007c0000000)
  eden space 360960K, 0% used [0x000000076b400000,0x000000076b400000,0x0000000781480000)
  from space 17408K, 98% used [0x0000000782a80000,0x0000000783b29850,0x0000000783b80000)
  to   space 19456K, 0% used [0x0000000781580000,0x0000000781580000,0x0000000782880000)
 ParOldGen       total 160768K, used 25490K [0x00000006c1c00000, 0x00000006cb900000, 0x000000076b400000)
  object space 160768K, 15% used [0x00000006c1c00000,0x00000006c34e48f8,0x00000006cb900000)
 Metaspace       used 56568K, capacity 58984K, committed 59028K, reserved 1099776K
  class space    used 7461K, capacity 7896K, committed 7936K, reserved 1048576K
Event: 16.650 GC heap after
Heap after GC invocations=13 (full 3):
 PSYoungGen      total 378368K, used 0K [0x000000076b400000, 0x0000000783b80000, 0x00000007c0000000)
  eden space 360960K, 0% used [0x000000076b400000,0x000000076b400000,0x0000000781480000)
  from space 17408K, 0% used [0x0000000782a80000,0x0000000782a80000,0x0000000783b80000)
  to   space 19456K, 0% used [0x0000000781580000,0x0000000781580000,0x0000000782880000)
 ParOldGen       total 224768K, used 31686K [0x00000006c1c00000, 0x00000006cf780000, 0x000000076b400000)
  object space 224768K, 14% used [0x00000006c1c00000,0x00000006c3af1a18,0x00000006cf780000)
 Metaspace       used 56568K, capacity 58984K, committed 59028K, reserved 1099776K
  class space    used 7461K, capacity 7896K, committed 7936K, reserved 1048576K
}
Event: 125.579 GC heap before
{Heap before GC invocations=14 (full 3):
 PSYoungGen      total 378368K, used 97279K [0x000000076b400000, 0x0000000783b80000, 0x00000007c0000000)
  eden space 360960K, 26% used [0x000000076b400000,0x00000007712fff20,0x0000000781480000)
  from space 17408K, 0% used [0x0000000782a80000,0x0000000782a80000,0x0000000783b80000)
  to   space 19456K, 0% used [0x0000000781580000,0x0000000781580000,0x0000000782880000)
 ParOldGen       total 224768K, used 31686K [0x00000006c1c00000, 0x00000006cf780000, 0x000000076b400000)
  object space 224768K, 14% used [0x00000006c1c00000,0x00000006c3af1a18,0x00000006cf780000)
 Metaspace       used 59400K, capacity 61960K, committed 62040K, reserved 1103872K
  class space    used 7836K, capacity 8295K, committed 8320K, reserved 1048576K
Event: 125.583 GC heap after
Heap after GC invocations=14 (full 3):
 PSYoungGen      total 381440K, used 3049K [0x000000076b400000, 0x0000000789200000, 0x00000007c0000000)
  eden space 361984K, 0% used [0x000000076b400000,0x000000076b400000,0x0000000781580000)
  from space 19456K, 15% used [0x0000000781580000,0x000000078187a650,0x0000000782880000)
  to   space 19968K, 0% used [0x0000000787e80000,0x0000000787e80000,0x0000000789200000)
 ParOldGen       total 224768K, used 31694K [0x00000006c1c00000, 0x00000006cf780000, 0x000000076b400000)
  object space 224768K, 14% used [0x00000006c1c00000,0x00000006c3af3a18,0x00000006cf780000)
 Metaspace       used 59400K, capacity 61960K, committed 62040K, reserved 1103872K
  class space    used 7836K, capacity 8295K, committed 8320K, reserved 1048576K
}
Event: 125.583 GC heap before
{Heap before GC invocations=15 (full 4):
 PSYoungGen      total 381440K, used 3049K [0x000000076b400000, 0x0000000789200000, 0x00000007c0000000)
  eden space 361984K, 0% used [0x000000076b400000,0x000000076b400000,0x0000000781580000)
  from space 19456K, 15% used [0x0000000781580000,0x000000078187a650,0x0000000782880000)
  to   space 19968K, 0% used [0x0000000787e80000,0x0000000787e80000,0x0000000789200000)
 ParOldGen       total 224768K, used 31694K [0x00000006c1c00000, 0x00000006cf780000, 0x000000076b400000)
  object space 224768K, 14% used [0x00000006c1c00000,0x00000006c3af3a18,0x00000006cf780000)
 Metaspace       used 59400K, capacity 61960K, committed 62040K, reserved 1103872K
  class space    used 7836K, capacity 8295K, committed 8320K, reserved 1048576K
Event: 125.843 GC heap after
Heap after GC invocations=15 (full 4):
 PSYoungGen      total 381440K, used 0K [0x000000076b400000, 0x0000000789200000, 0x00000007c0000000)
  eden space 361984K, 0% used [0x000000076b400000,0x000000076b400000,0x0000000781580000)
  from space 19456K, 0% used [0x0000000781580000,0x0000000781580000,0x0000000782880000)
  to   space 19968K, 0% used [0x0000000787e80000,0x0000000787e80000,0x0000000789200000)
 ParOldGen       total 224768K, used 31469K [0x00000006c1c00000, 0x00000006cf780000, 0x000000076b400000)
  object space 224768K, 14% used [0x00000006c1c00000,0x00000006c3abb6b8,0x00000006cf780000)
 Metaspace       used 59400K, capacity 61960K, committed 62040K, reserved 1103872K
  class space    used 7836K, capacity 8295K, committed 8320K, reserved 1048576K
}
Event: 145.297 GC heap before
{Heap before GC invocations=16 (full 4):
 PSYoungGen      total 381440K, used 201117K [0x000000076b400000, 0x0000000789200000, 0x00000007c0000000)
  eden space 361984K, 55% used [0x000000076b400000,0x0000000777867480,0x0000000781580000)
  from space 19456K, 0% used [0x0000000781580000,0x0000000781580000,0x0000000782880000)
  to   space 19968K, 0% used [0x0000000787e80000,0x0000000787e80000,0x0000000789200000)
 ParOldGen       total 224768K, used 31469K [0x00000006c1c00000, 0x00000006cf780000, 0x000000076b400000)
  object space 224768K, 14% used [0x00000006c1c00000,0x00000006c3abb6b8,0x00000006cf780000)
 Metaspace       used 60306K, capacity 62964K, committed 63192K, reserved 1103872K
  class space    used 7884K, capacity 8364K, committed 8448K, reserved 1048576K

